<?xml version="1.0" encoding="UTF-8"?>
<!-- Generated by org.testng.reporters.JUnitReportReporter -->
<testsuite skipped="0" hostname="AIRFORCEII" name="ethoca_test.riley_shoppingkart.tests.SeleniumTemplate" tests="1" failures="0" timestamp="07 Jul 2018 01:31:15 GMT" time="0.000" errors="0">
  <testcase name="testThing" time="0.000" classname="ethoca_test.riley_shoppingkart.tests.SeleniumTemplate"/>
</testsuite> <!-- ethoca_test.riley_shoppingkart.tests.SeleniumTemplate -->
